<?xml version="1.0" encoding="UTF-8"?>
<testng-results skipped="0" failed="0" ignored="0" total="1" passed="1">
  <reporter-output>
  </reporter-output>
  <suite name="Default suite" duration-ms="36" started-at="2022-03-14T04:34:26Z" finished-at="2022-03-14T04:34:26Z">
    <groups>
    </groups>
    <test name="Default test" duration-ms="36" started-at="2022-03-14T04:34:26Z" finished-at="2022-03-14T04:34:26Z">
      <class name="com.jbk.A">
        <test-method status="PASS" signature="test01()[pri:0, instance:com.jbk.A@5d47c63f]" name="test01" duration-ms="11" started-at="2022-03-14T04:34:26Z" finished-at="2022-03-14T04:34:26Z">
          <reporter-output>
          </reporter-output>
        </test-method> <!-- test01 -->
      </class> <!-- com.jbk.A -->
    </test> <!-- Default test -->
  </suite> <!-- Default suite -->
</testng-results>
